<?xml version="1.0" encoding="UTF-8" ?>
<testsuite errors="0" failures="0" hostname="SMI-WIN-241" name="retrospector.javafx.bundles.BundleUtilsTest" skipped="0" tests="4" time="0.301" timestamp="2018-11-11T23:54:16">
  <properties>
[...]
</properties>
  <testcase classname="retrospector.javafx.bundles.BundleUtilsTest" name="CoreBundles_HaveAllEnglishKeys" time="0.149" />
  <testcase classname="retrospector.javafx.bundles.BundleUtilsTest" name="getResourceBundles_Achievement_GetsBundles" time="0.046" />
  <testcase classname="retrospector.javafx.bundles.BundleUtilsTest" name="getResourceBundles_Core_GetsBundles" time="0.001" />
  <testcase classname="retrospector.javafx.bundles.BundleUtilsTest" name="AchievementBundles_HaveAllEnglishKeys" time="0.001" />
  <system-out><![CDATA[]]></system-out>
  <system-err><![CDATA[]]></system-err>
</testsuite>
